[1.542s] Invoking command in '/home/abdelaziz/ros2_ws/src/my_pkg': DEBUGINFOD_URLS=https://debuginfod.ubuntu.com PYTHONPATH=/home/abdelaziz/ros2_ws/build/my_pkg/prefix_override:/usr/lib/python3/dist-packages/colcon_core/task/python/colcon_distutils_commands:/home/abdelaziz/ros2_ws/install/my_pkg/lib/python3.12/site-packages:${PYTHONPATH} /usr/bin/python3 -W ignore:setup.py install is deprecated -W ignore:easy_install command is deprecated setup.py egg_info --egg-base ../../build/my_pkg build --build-base /home/abdelaziz/ros2_ws/build/my_pkg/build install --record /home/abdelaziz/ros2_ws/build/my_pkg/install.log --single-version-externally-managed install_data
[2.050s] running egg_info
[2.089s] writing ../../build/my_pkg/my_pkg.egg-info/PKG-INFO
[2.089s] writing dependency_links to ../../build/my_pkg/my_pkg.egg-info/dependency_links.txt
[2.090s] writing entry points to ../../build/my_pkg/my_pkg.egg-info/entry_points.txt
[2.090s] writing requirements to ../../build/my_pkg/my_pkg.egg-info/requires.txt
[2.090s] writing top-level names to ../../build/my_pkg/my_pkg.egg-info/top_level.txt
[2.176s] reading manifest file '../../build/my_pkg/my_pkg.egg-info/SOURCES.txt'
[2.178s] writing manifest file '../../build/my_pkg/my_pkg.egg-info/SOURCES.txt'
[2.178s] running build
[2.178s] running build_py
[2.179s] copying my_pkg/my_node.py -> /home/abdelaziz/ros2_ws/build/my_pkg/build/lib/my_pkg
[2.179s] running install
[2.189s] running install_lib
[2.230s] copying /home/abdelaziz/ros2_ws/build/my_pkg/build/lib/my_pkg/my_node.py -> /home/abdelaziz/ros2_ws/install/my_pkg/lib/python3.12/site-packages/my_pkg
[2.231s] byte-compiling /home/abdelaziz/ros2_ws/install/my_pkg/lib/python3.12/site-packages/my_pkg/my_node.py to my_node.cpython-312.pyc
[2.232s] running install_data
[2.232s] running install_egg_info
[2.275s] removing '/home/abdelaziz/ros2_ws/install/my_pkg/lib/python3.12/site-packages/my_pkg-0.0.0-py3.12.egg-info' (and everything under it)
[2.275s] Copying ../../build/my_pkg/my_pkg.egg-info to /home/abdelaziz/ros2_ws/install/my_pkg/lib/python3.12/site-packages/my_pkg-0.0.0-py3.12.egg-info
[2.277s] running install_scripts
[2.529s] Installing my_node script to /home/abdelaziz/ros2_ws/install/my_pkg/lib/my_pkg
[2.529s] writing list of installed files to '/home/abdelaziz/ros2_ws/build/my_pkg/install.log'
[2.594s] Invoked command in '/home/abdelaziz/ros2_ws/src/my_pkg' returned '0': DEBUGINFOD_URLS=https://debuginfod.ubuntu.com PYTHONPATH=/home/abdelaziz/ros2_ws/build/my_pkg/prefix_override:/usr/lib/python3/dist-packages/colcon_core/task/python/colcon_distutils_commands:/home/abdelaziz/ros2_ws/install/my_pkg/lib/python3.12/site-packages:${PYTHONPATH} /usr/bin/python3 -W ignore:setup.py install is deprecated -W ignore:easy_install command is deprecated setup.py egg_info --egg-base ../../build/my_pkg build --build-base /home/abdelaziz/ros2_ws/build/my_pkg/build install --record /home/abdelaziz/ros2_ws/build/my_pkg/install.log --single-version-externally-managed install_data
