/home/abdelaziz/ros2_ws/install/my_pkg/lib/python3.12/site-packages/my_pkg/my_node.py
/home/abdelaziz/ros2_ws/install/my_pkg/lib/python3.12/site-packages/my_pkg/__init__.py
/home/abdelaziz/ros2_ws/install/my_pkg/lib/python3.12/site-packages/my_pkg/publisher.py
/home/abdelaziz/ros2_ws/install/my_pkg/lib/python3.12/site-packages/my_pkg/subscriber.py
/home/abdelaziz/ros2_ws/install/my_pkg/lib/python3.12/site-packages/my_pkg/__pycache__/my_node.cpython-312.pyc
/home/abdelaziz/ros2_ws/install/my_pkg/lib/python3.12/site-packages/my_pkg/__pycache__/__init__.cpython-312.pyc
/home/abdelaziz/ros2_ws/install/my_pkg/lib/python3.12/site-packages/my_pkg/__pycache__/publisher.cpython-312.pyc
/home/abdelaziz/ros2_ws/install/my_pkg/lib/python3.12/site-packages/my_pkg/__pycache__/subscriber.cpython-312.pyc
/home/abdelaziz/ros2_ws/install/my_pkg/share/ament_index/resource_index/packages/my_pkg
/home/abdelaziz/ros2_ws/install/my_pkg/share/my_pkg/package.xml
/home/abdelaziz/ros2_ws/install/my_pkg/lib/python3.12/site-packages/my_pkg-0.0.0-py3.12.egg-info/entry_points.txt
/home/abdelaziz/ros2_ws/install/my_pkg/lib/python3.12/site-packages/my_pkg-0.0.0-py3.12.egg-info/SOURCES.txt
/home/abdelaziz/ros2_ws/install/my_pkg/lib/python3.12/site-packages/my_pkg-0.0.0-py3.12.egg-info/top_level.txt
/home/abdelaziz/ros2_ws/install/my_pkg/lib/python3.12/site-packages/my_pkg-0.0.0-py3.12.egg-info/PKG-INFO
/home/abdelaziz/ros2_ws/install/my_pkg/lib/python3.12/site-packages/my_pkg-0.0.0-py3.12.egg-info/requires.txt
/home/abdelaziz/ros2_ws/install/my_pkg/lib/python3.12/site-packages/my_pkg-0.0.0-py3.12.egg-info/dependency_links.txt
/home/abdelaziz/ros2_ws/install/my_pkg/lib/python3.12/site-packages/my_pkg-0.0.0-py3.12.egg-info/zip-safe
/home/abdelaziz/ros2_ws/install/my_pkg/lib/my_pkg/my_node
/home/abdelaziz/ros2_ws/install/my_pkg/lib/my_pkg/publisher
/home/abdelaziz/ros2_ws/install/my_pkg/lib/my_pkg/subscriber
