[1.303s] Invoking command in '/home/mohab/ros2_ws/src/py_pkg': DEBUGINFOD_URLS=https://debuginfod.ubuntu.com PYTHONPATH=/home/mohab/ros2_ws/build/py_pkg/prefix_override:/usr/lib/python3/dist-packages/colcon_core/task/python/colcon_distutils_commands:/home/mohab/ros2_ws/install/py_pkg/lib/python3.12/site-packages:${PYTHONPATH} /usr/bin/python3 -W ignore:setup.py install is deprecated -W ignore:easy_install command is deprecated setup.py egg_info --egg-base ../../build/py_pkg build --build-base /home/mohab/ros2_ws/build/py_pkg/build install --record /home/mohab/ros2_ws/build/py_pkg/install.log --single-version-externally-managed install_data
[1.570s] running egg_info
[1.606s] writing ../../build/py_pkg/py_pkg.egg-info/PKG-INFO
[1.607s] writing dependency_links to ../../build/py_pkg/py_pkg.egg-info/dependency_links.txt
[1.607s] writing entry points to ../../build/py_pkg/py_pkg.egg-info/entry_points.txt
[1.607s] writing requirements to ../../build/py_pkg/py_pkg.egg-info/requires.txt
[1.607s] writing top-level names to ../../build/py_pkg/py_pkg.egg-info/top_level.txt
[1.620s] reading manifest file '../../build/py_pkg/py_pkg.egg-info/SOURCES.txt'
[1.621s] writing manifest file '../../build/py_pkg/py_pkg.egg-info/SOURCES.txt'
[1.622s] running build
[1.622s] running install
[1.628s] running install_data
[1.628s] copying package.xml -> /home/mohab/ros2_ws/install/py_pkg/share/py_pkg
[1.628s] running install_egg_info
[1.667s] removing '/home/mohab/ros2_ws/install/py_pkg/lib/python3.12/site-packages/py_pkg-0.0.0-py3.12.egg-info' (and everything under it)
[1.670s] Copying ../../build/py_pkg/py_pkg.egg-info to /home/mohab/ros2_ws/install/py_pkg/lib/python3.12/site-packages/py_pkg-0.0.0-py3.12.egg-info
[1.670s] running install_scripts
[1.849s] Installing timer_node script to /home/mohab/ros2_ws/install/py_pkg/lib/py_pkg
[1.850s] writing list of installed files to '/home/mohab/ros2_ws/build/py_pkg/install.log'
[1.879s] Invoked command in '/home/mohab/ros2_ws/src/py_pkg' returned '0': DEBUGINFOD_URLS=https://debuginfod.ubuntu.com PYTHONPATH=/home/mohab/ros2_ws/build/py_pkg/prefix_override:/usr/lib/python3/dist-packages/colcon_core/task/python/colcon_distutils_commands:/home/mohab/ros2_ws/install/py_pkg/lib/python3.12/site-packages:${PYTHONPATH} /usr/bin/python3 -W ignore:setup.py install is deprecated -W ignore:easy_install command is deprecated setup.py egg_info --egg-base ../../build/py_pkg build --build-base /home/mohab/ros2_ws/build/py_pkg/build install --record /home/mohab/ros2_ws/build/py_pkg/install.log --single-version-externally-managed install_data
