/home/mohab/ros2_ws/install/weather_pkg/lib/python3.12/site-packages/weather_pkg/pressure_node.py
/home/mohab/ros2_ws/install/weather_pkg/lib/python3.12/site-packages/weather_pkg/monitor_node.py
/home/mohab/ros2_ws/install/weather_pkg/lib/python3.12/site-packages/weather_pkg/__init__.py
/home/mohab/ros2_ws/install/weather_pkg/lib/python3.12/site-packages/weather_pkg/humidity_node.py
/home/mohab/ros2_ws/install/weather_pkg/lib/python3.12/site-packages/weather_pkg/temperature_node.py
/home/mohab/ros2_ws/install/weather_pkg/lib/python3.12/site-packages/weather_pkg/__pycache__/pressure_node.cpython-312.pyc
/home/mohab/ros2_ws/install/weather_pkg/lib/python3.12/site-packages/weather_pkg/__pycache__/monitor_node.cpython-312.pyc
/home/mohab/ros2_ws/install/weather_pkg/lib/python3.12/site-packages/weather_pkg/__pycache__/__init__.cpython-312.pyc
/home/mohab/ros2_ws/install/weather_pkg/lib/python3.12/site-packages/weather_pkg/__pycache__/humidity_node.cpython-312.pyc
/home/mohab/ros2_ws/install/weather_pkg/lib/python3.12/site-packages/weather_pkg/__pycache__/temperature_node.cpython-312.pyc
/home/mohab/ros2_ws/install/weather_pkg/share/ament_index/resource_index/packages/weather_pkg
/home/mohab/ros2_ws/install/weather_pkg/share/weather_pkg/package.xml
/home/mohab/ros2_ws/install/weather_pkg/lib/python3.12/site-packages/weather_pkg-0.0.0-py3.12.egg-info/dependency_links.txt
/home/mohab/ros2_ws/install/weather_pkg/lib/python3.12/site-packages/weather_pkg-0.0.0-py3.12.egg-info/SOURCES.txt
/home/mohab/ros2_ws/install/weather_pkg/lib/python3.12/site-packages/weather_pkg-0.0.0-py3.12.egg-info/PKG-INFO
/home/mohab/ros2_ws/install/weather_pkg/lib/python3.12/site-packages/weather_pkg-0.0.0-py3.12.egg-info/requires.txt
/home/mohab/ros2_ws/install/weather_pkg/lib/python3.12/site-packages/weather_pkg-0.0.0-py3.12.egg-info/zip-safe
/home/mohab/ros2_ws/install/weather_pkg/lib/python3.12/site-packages/weather_pkg-0.0.0-py3.12.egg-info/top_level.txt
/home/mohab/ros2_ws/install/weather_pkg/lib/python3.12/site-packages/weather_pkg-0.0.0-py3.12.egg-info/entry_points.txt
/home/mohab/ros2_ws/install/weather_pkg/lib/weather_pkg/humidity_node
/home/mohab/ros2_ws/install/weather_pkg/lib/weather_pkg/monitor_node
/home/mohab/ros2_ws/install/weather_pkg/lib/weather_pkg/pressure_node
/home/mohab/ros2_ws/install/weather_pkg/lib/weather_pkg/temperature_node
