[4.470s] Invoking command in '/home/mohab/ros2_ws/src/turtle_pkg': DEBUGINFOD_URLS=https://debuginfod.ubuntu.com PYTHONPATH=/home/mohab/ros2_ws/build/turtle_pkg/prefix_override:/usr/lib/python3/dist-packages/colcon_core/task/python/colcon_distutils_commands:/home/mohab/ros2_ws/install/turtle_pkg/lib/python3.12/site-packages:${PYTHONPATH} /usr/bin/python3 -W ignore:setup.py install is deprecated -W ignore:easy_install command is deprecated setup.py egg_info --egg-base ../../build/turtle_pkg build --build-base /home/mohab/ros2_ws/build/turtle_pkg/build install --record /home/mohab/ros2_ws/build/turtle_pkg/install.log --single-version-externally-managed install_data
[4.771s] running egg_info
[4.771s] creating ../../build/turtle_pkg/turtle_pkg.egg-info
[4.788s] writing ../../build/turtle_pkg/turtle_pkg.egg-info/PKG-INFO
[4.789s] writing dependency_links to ../../build/turtle_pkg/turtle_pkg.egg-info/dependency_links.txt
[4.789s] writing requirements to ../../build/turtle_pkg/turtle_pkg.egg-info/requires.txt
[4.789s] writing top-level names to ../../build/turtle_pkg/turtle_pkg.egg-info/top_level.txt
[4.789s] writing manifest file '../../build/turtle_pkg/turtle_pkg.egg-info/SOURCES.txt'
[4.832s] reading manifest file '../../build/turtle_pkg/turtle_pkg.egg-info/SOURCES.txt'
[4.834s] writing manifest file '../../build/turtle_pkg/turtle_pkg.egg-info/SOURCES.txt'
[4.834s] running build
[4.834s] running build_py
[4.834s] creating /home/mohab/ros2_ws/build/turtle_pkg/build
[4.834s] creating /home/mohab/ros2_ws/build/turtle_pkg/build/lib
[4.834s] creating /home/mohab/ros2_ws/build/turtle_pkg/build/lib/turtle_pkg
[4.834s] copying turtle_pkg/__init__.py -> /home/mohab/ros2_ws/build/turtle_pkg/build/lib/turtle_pkg
[4.835s] running install
[4.843s] running install_lib
[4.863s] creating /home/mohab/ros2_ws/install/turtle_pkg/lib/python3.12/site-packages/turtle_pkg
[4.864s] copying /home/mohab/ros2_ws/build/turtle_pkg/build/lib/turtle_pkg/__init__.py -> /home/mohab/ros2_ws/install/turtle_pkg/lib/python3.12/site-packages/turtle_pkg
[4.864s] byte-compiling /home/mohab/ros2_ws/install/turtle_pkg/lib/python3.12/site-packages/turtle_pkg/__init__.py to __init__.cpython-312.pyc
[4.865s] running install_data
[4.865s] creating /home/mohab/ros2_ws/install/turtle_pkg/share/ament_index
[4.865s] creating /home/mohab/ros2_ws/install/turtle_pkg/share/ament_index/resource_index
[4.865s] creating /home/mohab/ros2_ws/install/turtle_pkg/share/ament_index/resource_index/packages
[4.865s] copying resource/turtle_pkg -> /home/mohab/ros2_ws/install/turtle_pkg/share/ament_index/resource_index/packages
[4.866s] copying package.xml -> /home/mohab/ros2_ws/install/turtle_pkg/share/turtle_pkg
[4.866s] running install_egg_info
[4.886s] Copying ../../build/turtle_pkg/turtle_pkg.egg-info to /home/mohab/ros2_ws/install/turtle_pkg/lib/python3.12/site-packages/turtle_pkg-0.0.0-py3.12.egg-info
[4.887s] running install_scripts
[5.044s] writing list of installed files to '/home/mohab/ros2_ws/build/turtle_pkg/install.log'
[5.133s] Invoked command in '/home/mohab/ros2_ws/src/turtle_pkg' returned '0': DEBUGINFOD_URLS=https://debuginfod.ubuntu.com PYTHONPATH=/home/mohab/ros2_ws/build/turtle_pkg/prefix_override:/usr/lib/python3/dist-packages/colcon_core/task/python/colcon_distutils_commands:/home/mohab/ros2_ws/install/turtle_pkg/lib/python3.12/site-packages:${PYTHONPATH} /usr/bin/python3 -W ignore:setup.py install is deprecated -W ignore:easy_install command is deprecated setup.py egg_info --egg-base ../../build/turtle_pkg build --build-base /home/mohab/ros2_ws/build/turtle_pkg/build install --record /home/mohab/ros2_ws/build/turtle_pkg/install.log --single-version-externally-managed install_data
