[2.141s] Invoking command in '/home/abdelaziz/ros2_ws/src/my_pkg': DEBUGINFOD_URLS=https://debuginfod.ubuntu.com PYTHONPATH=/home/abdelaziz/ros2_ws/build/my_pkg/prefix_override:/usr/lib/python3/dist-packages/colcon_core/task/python/colcon_distutils_commands:/home/abdelaziz/ros2_ws/install/my_pkg/lib/python3.12/site-packages:${PYTHONPATH} /usr/bin/python3 -W ignore:setup.py install is deprecated -W ignore:easy_install command is deprecated setup.py egg_info --egg-base ../../build/my_pkg build --build-base /home/abdelaziz/ros2_ws/build/my_pkg/build install --record /home/abdelaziz/ros2_ws/build/my_pkg/install.log --single-version-externally-managed install_data
[2.656s] running egg_info
[2.657s] creating ../../build/my_pkg/my_pkg.egg-info
[2.695s] writing ../../build/my_pkg/my_pkg.egg-info/PKG-INFO
[2.696s] writing dependency_links to ../../build/my_pkg/my_pkg.egg-info/dependency_links.txt
[2.696s] writing entry points to ../../build/my_pkg/my_pkg.egg-info/entry_points.txt
[2.696s] writing requirements to ../../build/my_pkg/my_pkg.egg-info/requires.txt
[2.697s] writing top-level names to ../../build/my_pkg/my_pkg.egg-info/top_level.txt
[2.697s] writing manifest file '../../build/my_pkg/my_pkg.egg-info/SOURCES.txt'
[2.778s] reading manifest file '../../build/my_pkg/my_pkg.egg-info/SOURCES.txt'
[2.779s] writing manifest file '../../build/my_pkg/my_pkg.egg-info/SOURCES.txt'
[2.780s] running build
[2.780s] running build_py
[2.781s] creating /home/abdelaziz/ros2_ws/build/my_pkg/build
[2.781s] creating /home/abdelaziz/ros2_ws/build/my_pkg/build/lib
[2.781s] creating /home/abdelaziz/ros2_ws/build/my_pkg/build/lib/my_pkg
[2.781s] copying my_pkg/my_node.py -> /home/abdelaziz/ros2_ws/build/my_pkg/build/lib/my_pkg
[2.782s] copying my_pkg/__init__.py -> /home/abdelaziz/ros2_ws/build/my_pkg/build/lib/my_pkg
[2.782s] running install
[2.792s] running install_lib
[2.843s] creating /home/abdelaziz/ros2_ws/install/my_pkg/lib/python3.12/site-packages/my_pkg
[2.843s] copying /home/abdelaziz/ros2_ws/build/my_pkg/build/lib/my_pkg/my_node.py -> /home/abdelaziz/ros2_ws/install/my_pkg/lib/python3.12/site-packages/my_pkg
[2.843s] copying /home/abdelaziz/ros2_ws/build/my_pkg/build/lib/my_pkg/__init__.py -> /home/abdelaziz/ros2_ws/install/my_pkg/lib/python3.12/site-packages/my_pkg
[2.844s] byte-compiling /home/abdelaziz/ros2_ws/install/my_pkg/lib/python3.12/site-packages/my_pkg/my_node.py to my_node.cpython-312.pyc
[2.845s] byte-compiling /home/abdelaziz/ros2_ws/install/my_pkg/lib/python3.12/site-packages/my_pkg/__init__.py to __init__.cpython-312.pyc
[2.845s] running install_data
[2.845s] creating /home/abdelaziz/ros2_ws/install/my_pkg/share/ament_index
[2.846s] creating /home/abdelaziz/ros2_ws/install/my_pkg/share/ament_index/resource_index
[2.846s] creating /home/abdelaziz/ros2_ws/install/my_pkg/share/ament_index/resource_index/packages
[2.846s] copying resource/my_pkg -> /home/abdelaziz/ros2_ws/install/my_pkg/share/ament_index/resource_index/packages
[2.846s] copying package.xml -> /home/abdelaziz/ros2_ws/install/my_pkg/share/my_pkg
[2.847s] running install_egg_info
[2.889s] Copying ../../build/my_pkg/my_pkg.egg-info to /home/abdelaziz/ros2_ws/install/my_pkg/lib/python3.12/site-packages/my_pkg-0.0.0-py3.12.egg-info
[2.891s] running install_scripts
[3.157s] Installing my_node script to /home/abdelaziz/ros2_ws/install/my_pkg/lib/my_pkg
[3.158s] writing list of installed files to '/home/abdelaziz/ros2_ws/build/my_pkg/install.log'
[3.221s] Invoked command in '/home/abdelaziz/ros2_ws/src/my_pkg' returned '0': DEBUGINFOD_URLS=https://debuginfod.ubuntu.com PYTHONPATH=/home/abdelaziz/ros2_ws/build/my_pkg/prefix_override:/usr/lib/python3/dist-packages/colcon_core/task/python/colcon_distutils_commands:/home/abdelaziz/ros2_ws/install/my_pkg/lib/python3.12/site-packages:${PYTHONPATH} /usr/bin/python3 -W ignore:setup.py install is deprecated -W ignore:easy_install command is deprecated setup.py egg_info --egg-base ../../build/my_pkg build --build-base /home/abdelaziz/ros2_ws/build/my_pkg/build install --record /home/abdelaziz/ros2_ws/build/my_pkg/install.log --single-version-externally-managed install_data
