[1.583s] Invoking command in '/home/abdelaziz/ros2_ws/src/my_pkg': DEBUGINFOD_URLS=https://debuginfod.ubuntu.com PYTHONPATH=/home/abdelaziz/ros2_ws/build/my_pkg/prefix_override:/usr/lib/python3/dist-packages/colcon_core/task/python/colcon_distutils_commands:/home/abdelaziz/ros2_ws/install/my_pkg/lib/python3.12/site-packages:${PYTHONPATH} /usr/bin/python3 -W ignore:setup.py install is deprecated -W ignore:easy_install command is deprecated setup.py egg_info --egg-base ../../build/my_pkg build --build-base /home/abdelaziz/ros2_ws/build/my_pkg/build install --record /home/abdelaziz/ros2_ws/build/my_pkg/install.log --single-version-externally-managed install_data
[2.086s] running egg_info
[2.126s] writing ../../build/my_pkg/my_pkg.egg-info/PKG-INFO
[2.127s] writing dependency_links to ../../build/my_pkg/my_pkg.egg-info/dependency_links.txt
[2.127s] writing entry points to ../../build/my_pkg/my_pkg.egg-info/entry_points.txt
[2.128s] writing requirements to ../../build/my_pkg/my_pkg.egg-info/requires.txt
[2.128s] writing top-level names to ../../build/my_pkg/my_pkg.egg-info/top_level.txt
[2.210s] reading manifest file '../../build/my_pkg/my_pkg.egg-info/SOURCES.txt'
[2.212s] writing manifest file '../../build/my_pkg/my_pkg.egg-info/SOURCES.txt'
[2.212s] running build
[2.212s] running build_py
[2.213s] copying my_pkg/publisher.py -> /home/abdelaziz/ros2_ws/build/my_pkg/build/lib/my_pkg
[2.213s] running install
[2.224s] running install_lib
[2.266s] copying /home/abdelaziz/ros2_ws/build/my_pkg/build/lib/my_pkg/publisher.py -> /home/abdelaziz/ros2_ws/install/my_pkg/lib/python3.12/site-packages/my_pkg
[2.267s] byte-compiling /home/abdelaziz/ros2_ws/install/my_pkg/lib/python3.12/site-packages/my_pkg/publisher.py to publisher.cpython-312.pyc
[2.268s] running install_data
[2.268s] running install_egg_info
[2.312s] removing '/home/abdelaziz/ros2_ws/install/my_pkg/lib/python3.12/site-packages/my_pkg-0.0.0-py3.12.egg-info' (and everything under it)
[2.312s] Copying ../../build/my_pkg/my_pkg.egg-info to /home/abdelaziz/ros2_ws/install/my_pkg/lib/python3.12/site-packages/my_pkg-0.0.0-py3.12.egg-info
[2.314s] running install_scripts
[2.580s] Installing my_node script to /home/abdelaziz/ros2_ws/install/my_pkg/lib/my_pkg
[2.580s] Installing publisher script to /home/abdelaziz/ros2_ws/install/my_pkg/lib/my_pkg
[2.580s] Installing subscriber script to /home/abdelaziz/ros2_ws/install/my_pkg/lib/my_pkg
[2.581s] writing list of installed files to '/home/abdelaziz/ros2_ws/build/my_pkg/install.log'
[2.655s] Invoked command in '/home/abdelaziz/ros2_ws/src/my_pkg' returned '0': DEBUGINFOD_URLS=https://debuginfod.ubuntu.com PYTHONPATH=/home/abdelaziz/ros2_ws/build/my_pkg/prefix_override:/usr/lib/python3/dist-packages/colcon_core/task/python/colcon_distutils_commands:/home/abdelaziz/ros2_ws/install/my_pkg/lib/python3.12/site-packages:${PYTHONPATH} /usr/bin/python3 -W ignore:setup.py install is deprecated -W ignore:easy_install command is deprecated setup.py egg_info --egg-base ../../build/my_pkg build --build-base /home/abdelaziz/ros2_ws/build/my_pkg/build install --record /home/abdelaziz/ros2_ws/build/my_pkg/install.log --single-version-externally-managed install_data
